Using pre-set license
Built from '2022.3/china_unity/release' branch; Version is '2022.3.0f1c1 (aad67108fc1f) revision 11196017'; Using compiler version '192829333'; Build Type 'Release'
OS: 'Windows 11  (10.0.22621) 64bit CoreCountrySpecific' Language: 'zh' Physical Memory: 15573 MB
BatchMode: 1, IsHumanControllingUs: 0, StartBugReporterOnCrash: 0, Is64bit: 1, IsPro: 1

COMMAND LINE ARGUMENTS:
C:\unity2\2022.3.0f1c1\Editor\Unity.exe
-adb2
-batchMode
-noUpm
-name
AssetImportWorker0
-projectPath
C:/unity2/My project (1)
-logFile
Logs/AssetImportWorker0.log
-srvPort
50599
Successfully changed project path to: C:/unity2/My project (1)
C:/unity2/My project (1)
[UnityMemory] Configuration Parameters - Can be set up in boot.config
    "memorysetup-bucket-allocator-granularity=16"
    "memorysetup-bucket-allocator-bucket-count=8"
    "memorysetup-bucket-allocator-block-size=33554432"
    "memorysetup-bucket-allocator-block-count=8"
    "memorysetup-main-allocator-block-size=16777216"
    "memorysetup-thread-allocator-block-size=16777216"
    "memorysetup-gfx-main-allocator-block-size=16777216"
    "memorysetup-gfx-thread-allocator-block-size=16777216"
    "memorysetup-cache-allocator-block-size=4194304"
    "memorysetup-typetree-allocator-block-size=2097152"
    "memorysetup-profiler-bucket-allocator-granularity=16"
    "memorysetup-profiler-bucket-allocator-bucket-count=8"
    "memorysetup-profiler-bucket-allocator-block-size=33554432"
    "memorysetup-profiler-bucket-allocator-block-count=8"
    "memorysetup-profiler-allocator-block-size=16777216"
    "memorysetup-profiler-editor-allocator-block-size=1048576"
    "memorysetup-temp-allocator-size-main=16777216"
    "memorysetup-job-temp-allocator-block-size=2097152"
    "memorysetup-job-temp-allocator-block-size-background=1048576"
    "memorysetup-job-temp-allocator-reduction-small-platforms=262144"
    "memorysetup-allocator-temp-initial-block-size-main=262144"
    "memorysetup-allocator-temp-initial-block-size-worker=262144"
    "memorysetup-temp-allocator-size-background-worker=32768"
    "memorysetup-temp-allocator-size-job-worker=262144"
    "memorysetup-temp-allocator-size-preload-manager=33554432"
    "memorysetup-temp-allocator-size-nav-mesh-worker=65536"
    "memorysetup-temp-allocator-size-audio-worker=65536"
    "memorysetup-temp-allocator-size-cloud-worker=32768"
    "memorysetup-temp-allocator-size-gi-baking-worker=262144"
    "memorysetup-temp-allocator-size-gfx=262144"
Player connection [39240] Host "[IP] 192.168.164.1 [Port] 0 [Flags] 2 [Guid] 1385123951 [EditorId] 1385123951 [Version] 1048832 [Id] WindowsEditor(7,¼Î) [Debug] 1 [PackageName] WindowsEditor [ProjectName] Editor" joined multi-casting on [225.0.0.222:54997]...

Player connection [39240] Host "[IP] 192.168.164.1 [Port] 0 [Flags] 2 [Guid] 1385123951 [EditorId] 1385123951 [Version] 1048832 [Id] WindowsEditor(7,¼Î) [Debug] 1 [PackageName] WindowsEditor [ProjectName] Editor" joined alternative multi-casting on [225.0.0.222:34997]...

Refreshing native plugins compatible for Editor in 60.46 ms, found 4 plugins.
Preloading 0 native plugins for Editor in 0.00 ms.
Initialize engine version: 2022.3.0f1c1 (aad67108fc1f)
[Subsystems] Discovering subsystems at path C:/unity2/2022.3.0f1c1/Editor/Data/Resources/UnitySubsystems
[Subsystems] Discovering subsystems at path C:/unity2/My project (1)/Assets
GfxDevice: creating device client; threaded=0; jobified=0
Direct3D:
    Version:  Direct3D 11.0 [level 11.1]
    Renderer: NVIDIA GeForce RTX 3060 Laptop GPU (ID=0x2520)
    Vendor:   NVIDIA
    VRAM:     6010 MB
    Driver:   31.0.15.4680
Initialize mono
Mono path[0] = 'C:/unity2/2022.3.0f1c1/Editor/Data/Managed'
Mono path[1] = 'C:/unity2/2022.3.0f1c1/Editor/Data/MonoBleedingEdge/lib/mono/unityjit-win32'
Mono config path = 'C:/unity2/2022.3.0f1c1/Editor/Data/MonoBleedingEdge/etc'
Using monoOptions --debugger-agent=transport=dt_socket,embedding=1,server=y,suspend=n,address=127.0.0.1:56452
Begin MonoManager ReloadAssembly
Registering precompiled unity dll's ...
Register platform support module: C:/unity2/2022.3.0f1c1/Editor/Data/PlaybackEngines/WebGLSupport/UnityEditor.WebGL.Extensions.dll
Register platform support module: C:/unity2/2022.3.0f1c1/Editor/Data/PlaybackEngines/WindowsStandaloneSupport/UnityEditor.WindowsStandalone.Extensions.dll
Registered in 0.038883 seconds.
- Loaded All Assemblies, in  0.628 seconds
Native extension for WindowsStandalone target not found
Native extension for WebGL target not found
Mono: successfully reloaded assembly
- Finished resetting the current domain, in  0.385 seconds
Domain Reload Profiling: 994ms
	BeginReloadAssembly (207ms)
		ExecutionOrderSort (0ms)
		DisableScriptedObjects (0ms)
		BackupInstance (0ms)
		ReleaseScriptingObjects (0ms)
		CreateAndSetChildDomain (1ms)
	RebuildCommonClasses (37ms)
	RebuildNativeTypeToScriptingClass (8ms)
	initialDomainReloadingComplete (136ms)
	LoadAllAssembliesAndSetupDomain (221ms)
		LoadAssemblies (179ms)
		RebuildTransferFunctionScriptingTraits (0ms)
		AnalyzeDomain (170ms)
			TypeCache.Refresh (169ms)
				TypeCache.ScanAssembly (154ms)
			ScanForSourceGeneratedMonoScriptInfo (0ms)
			ResolveRequiredComponents (1ms)
	FinalizeReload (385ms)
		ReleaseScriptCaches (0ms)
		RebuildScriptCaches (0ms)
		SetupLoadedEditorAssemblies (313ms)
			LogAssemblyErrors (0ms)
			InitializePlatformSupportModulesInManaged (23ms)
			SetLoadedEditorAssemblies (7ms)
			RefreshPlugins (0ms)
			BeforeProcessingInitializeOnLoad (3ms)
			ProcessInitializeOnLoadAttributes (211ms)
			ProcessInitializeOnLoadMethodAttributes (68ms)
			AfterProcessingInitializeOnLoad (0ms)
			EditorAssembliesLoaded (0ms)
		ExecutionOrderSort2 (0ms)
		AwakeInstancesAfterBackupRestoration (0ms)
========================================================================
Worker process is ready to serve import requests
Begin MonoManager ReloadAssembly
Symbol file LoadedFromMemory doesn't match image C:\unity2\My project (1)\Library\PackageCache\com.unity.visualscripting@1.8.0\Editor\VisualScripting.Core\Dependencies\YamlDotNet\Unity.VisualScripting.YamlDotNet.dll
Symbol file LoadedFromMemory doesn't match image C:\unity2\My project (1)\Library\PackageCache\com.unity.visualscripting@1.8.0\Editor\VisualScripting.Core\Dependencies\DotNetZip\Unity.VisualScripting.IonicZip.dll
- Loaded All Assemblies, in  1.596 seconds
Refreshing native plugins compatible for Editor in 36.09 ms, found 4 plugins.
Native extension for WindowsStandalone target not found
Native extension for WebGL target not found
Mono: successfully reloaded assembly
- Finished resetting the current domain, in  0.801 seconds
Domain Reload Profiling: 2352ms
	BeginReloadAssembly (263ms)
		ExecutionOrderSort (0ms)
		DisableScriptedObjects (6ms)
		BackupInstance (0ms)
		ReleaseScriptingObjects (0ms)
		CreateAndSetChildDomain (30ms)
	RebuildCommonClasses (49ms)
	RebuildNativeTypeToScriptingClass (10ms)
	initialDomainReloadingComplete (127ms)
	LoadAllAssembliesAndSetupDomain (1102ms)
		LoadAssemblies (808ms)
		RebuildTransferFunctionScriptingTraits (0ms)
		AnalyzeDomain (370ms)
			TypeCache.Refresh (340ms)
				TypeCache.ScanAssembly (321ms)
			ScanForSourceGeneratedMonoScriptInfo (25ms)
			ResolveRequiredComponents (4ms)
	FinalizeReload (801ms)
		ReleaseScriptCaches (0ms)
		RebuildScriptCaches (0ms)
		SetupLoadedEditorAssemblies (603ms)
			LogAssemblyErrors (0ms)
			InitializePlatformSupportModulesInManaged (21ms)
			SetLoadedEditorAssemblies (4ms)
			RefreshPlugins (0ms)
			BeforeProcessingInitializeOnLoad (171ms)
			ProcessInitializeOnLoadAttributes (309ms)
			ProcessInitializeOnLoadMethodAttributes (40ms)
			AfterProcessingInitializeOnLoad (58ms)
			EditorAssembliesLoaded (0ms)
		ExecutionOrderSort2 (0ms)
		AwakeInstancesAfterBackupRestoration (16ms)
Launched and connected shader compiler UnityShaderCompiler.exe after 0.08 seconds
Refreshing native plugins compatible for Editor in 33.48 ms, found 4 plugins.
Preloading 0 native plugins for Editor in 0.00 ms.
Unloading 3949 Unused Serialized files (Serialized files now loaded: 0)
Unloading 69 unused Assets / (245.1 KB). Loaded Objects now: 4408.
Memory consumption went from 141.8 MB to 141.5 MB.
Total: 5.485600 ms (FindLiveObjects: 0.282900 ms CreateObjectMapping: 0.136200 ms MarkObjects: 4.807300 ms  DeleteObjects: 0.257700 ms)

AssetImportParameters requested are different than current active one (requested -> active):
  custom:container-demuxer-ogg: 62fdf1f143b41e24485cea50d1cbac27 -> 
  custom:video-codec-MediaFoundation-h265: 746d11721c4dcdbdad8f713fa42b33f4 -> 
  custom:video-decoder-ogg-theora: a1e56fd34408186e4bbccfd4996cb3dc -> 
  custom:framework-win-MediaFoundation: 216162199b28c13a410421893ffa2e32 -> 
  custom:container-demuxer-webm: 4f35f7cbe854078d1ac9338744f61a02 -> 
  custom:container-muxer-webm: aa71ff27fc2769a1b78a27578f13a17b -> 
  custom:video-decoder-webm-vp8: 9c59270c3fd7afecdb556c50c9e8de78 -> 
  custom:AudioImporter_EditorPlatform: d09bf68614088b80899f8185d706f6e7 -> 
  custom:video-encoder-webm-vp8: eb34c28f22e8b96e1ab97ce403110664 -> 
  custom:audio-decoder-ogg-vorbis: bf7c407c2cedff20999df2af8eb42d56 -> 
  custom:audio-encoder-webm-vorbis: bf7c407c2cedff20999df2af8eb42d56 -> 
========================================================================
Received Import Request.
  Time since last request: 338632.443846 seconds.
  path: Assets/Scenes/game.unity
  artifactKey: Guid(2cda990e2423bbf4892e6590ba056729) Importer(815301076,1909f56bfc062723c751e8b465ee728b)
Start importing Assets/Scenes/game.unity using Guid(2cda990e2423bbf4892e6590ba056729) Importer(815301076,1909f56bfc062723c751e8b465ee728b)  -> (artifact id: '3bc25747838da68f204d77b808744741') in 0.002764 seconds
Number of updated asset objects reloaded before import = 0
Number of asset objects unloaded after import = 0
========================================================================
Received Import Request.
  Time since last request: 166.109836 seconds.
  path: Assets/prefabs/New Folder
  artifactKey: Guid(d13b77f07ae1a7948903cd6da041e8cc) Importer(815301076,1909f56bfc062723c751e8b465ee728b)
Start importing Assets/prefabs/New Folder using Guid(d13b77f07ae1a7948903cd6da041e8cc) Importer(815301076,1909f56bfc062723c751e8b465ee728b)  -> (artifact id: '2ad7942861fe046c7202c25b3d40d645') in 0.001369 seconds
Number of updated asset objects reloaded before import = 0
Number of asset objects unloaded after import = 0
========================================================================
Received Import Request.
  Time since last request: 6.026327 seconds.
  path: Assets/prefabs/UI
  artifactKey: Guid(d13b77f07ae1a7948903cd6da041e8cc) Importer(815301076,1909f56bfc062723c751e8b465ee728b)
Start importing Assets/prefabs/UI using Guid(d13b77f07ae1a7948903cd6da041e8cc) Importer(815301076,1909f56bfc062723c751e8b465ee728b)  -> (artifact id: 'd6ed1da5720ecdb7e17415604cb48b95') in 0.000759 seconds
Number of updated asset objects reloaded before import = 0
Number of asset objects unloaded after import = 0
========================================================================
Received Import Request.
  Time since last request: 7.547112 seconds.
  path: Assets/prefabs/UI/img_title.prefab
  artifactKey: Guid(d052f5c8ca0d33944add032ebe3ad4cf) Importer(815301076,1909f56bfc062723c751e8b465ee728b)
Start importing Assets/prefabs/UI/img_title.prefab using Guid(d052f5c8ca0d33944add032ebe3ad4cf) Importer(815301076,1909f56bfc062723c751e8b465ee728b)  -> (artifact id: 'a05d11689ec28ae463d4a939918c3425') in 0.029825 seconds
Number of updated asset objects reloaded before import = 0
Number of asset objects unloaded after import = 7
========================================================================
Received Import Request.
  Time since last request: 3.491225 seconds.
  path: Assets/prefabs/UI/img_option.prefab
  artifactKey: Guid(2ee82782d3ebb7048b43f87017d00843) Importer(815301076,1909f56bfc062723c751e8b465ee728b)
Start importing Assets/prefabs/UI/img_option.prefab using Guid(2ee82782d3ebb7048b43f87017d00843) Importer(815301076,1909f56bfc062723c751e8b465ee728b)  -> (artifact id: '84f0eec8f6f4b05dd952a377b3b677ec') in 0.005171 seconds
Number of updated asset objects reloaded before import = 0
Number of asset objects unloaded after import = 8
========================================================================
Received Import Request.
  Time since last request: 11.161120 seconds.
  path: Assets/prefabs/UI/pos2.prefab
  artifactKey: Guid(3627c542f28901747a48da92fd7f59a7) Importer(815301076,1909f56bfc062723c751e8b465ee728b)
Start importing Assets/prefabs/UI/pos2.prefab using Guid(3627c542f28901747a48da92fd7f59a7) Importer(815301076,1909f56bfc062723c751e8b465ee728b)  -> (artifact id: '2b029d5bfc73c025132d591d813e5b33') in 0.005238 seconds
Number of updated asset objects reloaded before import = 0
Number of asset objects unloaded after import = 4
========================================================================
Received Import Request.
  Time since last request: 2.491631 seconds.
  path: Assets/prefabs/UI/pos1.prefab
  artifactKey: Guid(6152c2b0bdc91d743825981d8481fbb1) Importer(815301076,1909f56bfc062723c751e8b465ee728b)
Start importing Assets/prefabs/UI/pos1.prefab using Guid(6152c2b0bdc91d743825981d8481fbb1) Importer(815301076,1909f56bfc062723c751e8b465ee728b)  -> (artifact id: '3443c77f1ab57163453da4d19085eb35') in 0.003691 seconds
Number of updated asset objects reloaded before import = 0
Number of asset objects unloaded after import = 4
========================================================================
Received Import Request.
  Time since last request: 89.326150 seconds.
  path: Assets/prefabs/gameUI
  artifactKey: Guid(4949bc5da4ea46a46b39e4e124b7226a) Importer(815301076,1909f56bfc062723c751e8b465ee728b)
Start importing Assets/prefabs/gameUI using Guid(4949bc5da4ea46a46b39e4e124b7226a) Importer(815301076,1909f56bfc062723c751e8b465ee728b)  -> (artifact id: 'a7dc7ed951728e1d6a540badad755fff') in 0.000951 seconds
Number of updated asset objects reloaded before import = 0
Number of asset objects unloaded after import = 0
========================================================================
Received Import Request.
  Time since last request: 16.496202 seconds.
  path: Assets/prefabs/img_playerscore.prefab
  artifactKey: Guid(7e56b3d4d2df0f54aab74bdb926bd5e5) Importer(815301076,1909f56bfc062723c751e8b465ee728b)
Start importing Assets/prefabs/img_playerscore.prefab using Guid(7e56b3d4d2df0f54aab74bdb926bd5e5) Importer(815301076,1909f56bfc062723c751e8b465ee728b)  -> (artifact id: 'acd49d7157495ff6de056e2656d20a40') in 0.008438 seconds
Number of updated asset objects reloaded before import = 0
Number of asset objects unloaded after import = 11
========================================================================
Received Import Request.
  Time since last request: 68.918627 seconds.
  path: Assets/prefabs/gameUI/img_playerlife.prefab
  artifactKey: Guid(3efe4a8a4b1d1dc408c0bb3661cfd24b) Importer(815301076,1909f56bfc062723c751e8b465ee728b)
Start importing Assets/prefabs/gameUI/img_playerlife.prefab using Guid(3efe4a8a4b1d1dc408c0bb3661cfd24b) Importer(815301076,1909f56bfc062723c751e8b465ee728b)  -> (artifact id: '12c48ab9ba5ff49b0531ac3541520f01') in 0.005945 seconds
Number of updated asset objects reloaded before import = 0
Number of asset objects unloaded after import = 11
========================================================================
Received Import Request.
  Time since last request: 11.638250 seconds.
  path: Assets/prefabs/gameUI/img_defeat.prefab
  artifactKey: Guid(b313f79f3ffaa074a86d6a5f66655917) Importer(815301076,1909f56bfc062723c751e8b465ee728b)
Start importing Assets/prefabs/gameUI/img_defeat.prefab using Guid(b313f79f3ffaa074a86d6a5f66655917) Importer(815301076,1909f56bfc062723c751e8b465ee728b)  -> (artifact id: '4b6741bd5909123cf4869e7fde964b0f') in 0.004704 seconds
Number of updated asset objects reloaded before import = 0
Number of asset objects unloaded after import = 7
========================================================================
Received Import Request.
  Time since last request: 14.179647 seconds.
  path: Assets/prefabs/gameUI/BackGround.prefab
  artifactKey: Guid(cbba408beeb56c642a30844a721224d4) Importer(815301076,1909f56bfc062723c751e8b465ee728b)
Start importing Assets/prefabs/gameUI/BackGround.prefab using Guid(cbba408beeb56c642a30844a721224d4) Importer(815301076,1909f56bfc062723c751e8b465ee728b)  -> (artifact id: '24f38fb4c775dcef2ba2d3bfd7fd72c0') in 0.062051 seconds
Number of updated asset objects reloaded before import = 0
Number of asset objects unloaded after import = 9
========================================================================
Received Import Request.
  Time since last request: 27.021516 seconds.
  path: Assets/prefabs/gameUI/PlayerManager.prefab
  artifactKey: Guid(d1d6d0b4d59d69b48845de6f1f18bae8) Importer(815301076,1909f56bfc062723c751e8b465ee728b)
Start importing Assets/prefabs/gameUI/PlayerManager.prefab using Guid(d1d6d0b4d59d69b48845de6f1f18bae8) Importer(815301076,1909f56bfc062723c751e8b465ee728b)  -> (artifact id: '69d91de30ea599547ecca7416a4697e0') in 0.014968 seconds
Number of updated asset objects reloaded before import = 0
Number of asset objects unloaded after import = 81
========================================================================
Received Import Request.
  Time since last request: 2.260917 seconds.
  path: Assets/prefabs/gameUI/MapCreation.prefab
  artifactKey: Guid(2d32a739047671d4da5423be9ee1a90c) Importer(815301076,1909f56bfc062723c751e8b465ee728b)
Start importing Assets/prefabs/gameUI/MapCreation.prefab using Guid(2d32a739047671d4da5423be9ee1a90c) Importer(815301076,1909f56bfc062723c751e8b465ee728b)  -> (artifact id: 'bf412320a7b2bf535ab7bd9ec1e472f0') in 0.026930 seconds
Number of updated asset objects reloaded before import = 0
Number of asset objects unloaded after import = 122
========================================================================
Received Import Request.
  Time since last request: 2.223571 seconds.
  path: Assets/prefabs/gameUI/EventSystem.prefab
  artifactKey: Guid(d01b1791bc5b4e3438f2d727fccbf0f7) Importer(815301076,1909f56bfc062723c751e8b465ee728b)
Start importing Assets/prefabs/gameUI/EventSystem.prefab using Guid(d01b1791bc5b4e3438f2d727fccbf0f7) Importer(815301076,1909f56bfc062723c751e8b465ee728b)  -> (artifact id: 'caafc1a909bb8608d845162b057cc286') in 0.004560 seconds
Number of updated asset objects reloaded before import = 0
Number of asset objects unloaded after import = 6
